[debug] [2019-12-11T17:44:02.981Z] ----------------------------------------------------------------------
[debug] [2019-12-11T17:44:02.983Z] Command:       D:\NodeJS\node.exe C:\Users\Sam\AppData\Roaming\npm\node_modules\firebase-tools\lib\bin\firebase.js init
[debug] [2019-12-11T17:44:02.983Z] CLI Version:   7.9.0
[debug] [2019-12-11T17:44:02.983Z] Platform:      win32
[debug] [2019-12-11T17:44:02.983Z] Node Version:  v10.16.3
[debug] [2019-12-11T17:44:02.984Z] Time:          Wed Dec 11 2019 17:44:02 GMT+0000 (GMT)
[debug] [2019-12-11T17:44:02.984Z] ----------------------------------------------------------------------
[debug] [2019-12-11T17:44:02.984Z] 
[warn] !  JSON error trying to load D:\Project\JupyterNotebook\Blog\Web Development\Take-Away-AS-Frontend\.firebaserc
[debug] [2019-12-11T17:44:02.997Z] > command requires scopes: ["email","openid","https://www.googleapis.com/auth/cloudplatformprojects.readonly","https://www.googleapis.com/auth/firebase","https://www.googleapis.com/auth/cloud-platform"]
[debug] [2019-12-11T17:44:02.998Z] > authorizing via signed-in user
[info] 
     ######## #### ########  ######## ########     ###     ######  ########
     ##        ##  ##     ## ##       ##     ##  ##   ##  ##       ##
     ######    ##  ########  ######   ########  #########  ######  ######
     ##        ##  ##    ##  ##       ##     ## ##     ##       ## ##
     ##       #### ##     ## ######## ########  ##     ##  ######  ########

You're about to initialize a Firebase project in this directory:

  D:\Project\JupyterNotebook\Blog\Web Development\Take-Away-AS-Frontend

Before we get started, keep in mind:

  * You are initializing in an existing Firebase project directory

[info] 
=== Project Setup
[info] 
[info] First, let's associate this project directory with a Firebase project.
[info] You can create multiple project aliases by running firebase use --add, 
[info] but for now we'll just set up a default project.
[info] 
[debug] [2019-12-11T17:44:19.232Z] >>> HTTP REQUEST GET https://firebase.googleapis.com/v1beta1/projects/staging  
 
[debug] [2019-12-11T17:44:19.737Z] <<< HTTP RESPONSE 403
[debug] [2019-12-11T17:44:19.737Z] <<< HTTP RESPONSE BODY
[debug] [2019-12-11T17:44:19.739Z] HTTP Error: 403, The caller does not have permission
[debug] [2019-12-11T17:44:19.952Z] FirebaseError: HTTP Error: 403, The caller does not have permission
    at module.exports (C:\Users\Sam\AppData\Roaming\npm\node_modules\firebase-tools\lib\responseToError.js:38:12)
    at Request._callback (C:\Users\Sam\AppData\Roaming\npm\node_modules\firebase-tools\lib\api.js:39:35)
    at Request.self.callback (C:\Users\Sam\AppData\Roaming\npm\node_modules\firebase-tools\node_modules\request\request.js:185:22)
    at Request.emit (events.js:198:13)
    at Request.EventEmitter.emit (domain.js:448:20)
    at Request.<anonymous> (C:\Users\Sam\AppData\Roaming\npm\node_modules\firebase-tools\node_modules\request\request.js:1161:10)
    at Request.emit (events.js:198:13)
    at Request.EventEmitter.emit (domain.js:448:20)
    at IncomingMessage.<anonymous> (C:\Users\Sam\AppData\Roaming\npm\node_modules\firebase-tools\node_modules\request\request.js:1083:12)
    at Object.onceWrapper (events.js:286:20)
    at IncomingMessage.emit (events.js:203:15)
    at IncomingMessage.EventEmitter.emit (domain.js:448:20)
    at endReadableNT (_stream_readable.js:1145:12)
    at process._tickCallback (internal/process/next_tick.js:63:19)
[error] 
[error] Error: Failed to get Firebase project staging. Please make sure the project exists and your account has permission to access it.
[debug] [2019-12-11T17:45:06.466Z] ----------------------------------------------------------------------
[debug] [2019-12-11T17:45:06.469Z] Command:       D:\NodeJS\node.exe C:\Users\Sam\AppData\Roaming\npm\node_modules\firebase-tools\lib\bin\firebase.js init
[debug] [2019-12-11T17:45:06.469Z] CLI Version:   7.9.0
[debug] [2019-12-11T17:45:06.469Z] Platform:      win32
[debug] [2019-12-11T17:45:06.469Z] Node Version:  v10.16.3
[debug] [2019-12-11T17:45:06.470Z] Time:          Wed Dec 11 2019 17:45:06 GMT+0000 (GMT)
[debug] [2019-12-11T17:45:06.470Z] ----------------------------------------------------------------------
[debug] [2019-12-11T17:45:06.470Z] 
[debug] [2019-12-11T17:45:06.478Z] > command requires scopes: ["email","openid","https://www.googleapis.com/auth/cloudplatformprojects.readonly","https://www.googleapis.com/auth/firebase","https://www.googleapis.com/auth/cloud-platform"]
[debug] [2019-12-11T17:45:06.479Z] > authorizing via signed-in user
[info] 
     ######## #### ########  ######## ########     ###     ######  ########
     ##        ##  ##     ## ##       ##     ##  ##   ##  ##       ##
     ######    ##  ########  ######   ########  #########  ######  ######
     ##        ##  ##    ##  ##       ##     ## ##     ##       ## ##
     ##       #### ##     ## ######## ########  ##     ##  ######  ########

You're about to initialize a Firebase project in this directory:

  D:\Project\JupyterNotebook\Blog\Web Development\Take-Away-AS-Frontend

Before we get started, keep in mind:

  * You are initializing in an existing Firebase project directory

[info] 
=== Project Setup
[info] 
[info] First, let's associate this project directory with a Firebase project.
[info] You can create multiple project aliases by running firebase use --add, 
[info] but for now we'll just set up a default project.
[info] 
[info] i  .firebaserc already has a default project, using takeawayapp-88d06.
[debug] [2019-12-11T17:45:10.905Z] >>> HTTP REQUEST GET https://firebase.googleapis.com/v1beta1/projects/takeawayapp-88d06  
 
[debug] [2019-12-11T17:45:11.313Z] <<< HTTP RESPONSE 200
[info] 
=== Hosting Setup
[info] 
[info] Your public directory is the folder (relative to your project directory) that
[info] will contain Hosting assets to be uploaded with firebase deploy. If you
[info] have a build process for your assets, use your build's output directory.
[info] 
